#-----------------------------------------------------------
# Vivado v2024.2 (64-bit)
# SW Build 5239630 on Fri Nov 08 22:35:27 MST 2024
# IP Build 5239520 on Sun Nov 10 16:12:51 MST 2024
# SharedData Build 5239561 on Fri Nov 08 14:39:27 MST 2024
# Start of session at: Tue May 20 17:43:03 2025
# Process ID         : 14380
# Current directory  : D:/UPM/PHR/AAA PRESENTACION/Echar_bote_A
# Command line       : vivado.exe -gui_launcher_event rodinguilauncherevent6460 D:\UPM\PHR\AAA PRESENTACION\Echar_bote_A\PFA_PHR_25_M01.xpr
# Log file           : D:/UPM/PHR/AAA PRESENTACION/Echar_bote_A/vivado.log
# Journal file       : D:/UPM/PHR/AAA PRESENTACION/Echar_bote_A\vivado.jou
# Running On         : DESKTOP-TTTUGFM
# Platform           : Windows Server 2016 or Windows 10
# Operating System   : 26100
# Processor Detail   : AMD Ryzen 7 8845HS w/ Radeon 780M Graphics
# CPU Frequency      : 3793 MHz
# CPU Physical cores : 8
# CPU Logical cores  : 16
# Host memory        : 33602 MB
# Swap memory        : 2147 MB
# Total Virtual      : 35749 MB
# Available Virtual  : 21612 MB
#-----------------------------------------------------------
start_gui
open_project {D:/UPM/PHR/AAA PRESENTACION/Echar_bote_A/PFA_PHR_25_M01.xpr}
INFO: [Project 1-313] Project file moved from 'D:/UPM/PHR/PFA_PHR_25_M01' since last save.
INFO: [filemgmt 56-3] Default IP Output Path : Could not find the directory 'D:/UPM/PHR/AAA PRESENTACION/Echar_bote_A/PFA_PHR_25_M01.gen/sources_1'.
Scanning sources...
Finished scanning sources
INFO: [IP_Flow 19-234] Refreshing IP repositories
INFO: [IP_Flow 19-1704] No user IP repositories specified
INFO: [IP_Flow 19-2313] Loaded Vivado IP repository 'D:/Xilinx/Vivado/2024.2/data/ip'.
reset_run synth_1
INFO: [Project 1-1161] Replacing file D:/UPM/PHR/AAA PRESENTACION/Echar_bote_A/PFA_PHR_25_M01.srcs/utils_1/imports/synth_1/Main.dcp with file D:/UPM/PHR/AAA PRESENTACION/Echar_bote_A/PFA_PHR_25_M01.runs/synth_1/Main.dcp
launch_runs synth_1 -jobs 8
[Tue May 20 17:43:44 2025] Launched synth_1...
Run output will be captured here: D:/UPM/PHR/AAA PRESENTACION/Echar_bote_A/PFA_PHR_25_M01.runs/synth_1/runme.log
launch_runs impl_1 -jobs 8
[Tue May 20 17:44:18 2025] Launched impl_1...
Run output will be captured here: D:/UPM/PHR/AAA PRESENTACION/Echar_bote_A/PFA_PHR_25_M01.runs/impl_1/runme.log
launch_runs impl_1 -to_step write_bitstream -jobs 8
[Tue May 20 17:45:10 2025] Launched impl_1...
Run output will be captured here: D:/UPM/PHR/AAA PRESENTACION/Echar_bote_A/PFA_PHR_25_M01.runs/impl_1/runme.log
open_hw_manager
connect_hw_server -allow_non_jtag
INFO: [Labtools 27-2285] Connecting to hw_server url TCP:localhost:3121
INFO: [Labtools 27-2222] Launching hw_server...
INFO: [Labtools 27-2221] Launch Output:

****** Xilinx hw_server v2024.2
  **** Build date : Oct 29 2024 at 10:25:41
    ** Copyright 1986-2022 Xilinx, Inc. All Rights Reserved.


INFO: [Labtools 27-3415] Connecting to cs_server url TCP:localhost:0
INFO: [Labtools 27-3417] Launching cs_server...
INFO: [Labtools 27-2221] Launch Output:


******** Xilinx cs_server v2024.2.0
  ****** Build date   : Oct 30 2024-19:19:07
    **** Build number : 2024.2.1730312347
      ** Copyright 2017-2022 Xilinx, Inc. All Rights Reserved.
      ** Copyright 2022-2025 Advanced Micro Devices, Inc. All Rights Reserved.



connect_hw_server: Time (s): cpu = 00:00:00 ; elapsed = 00:00:06 . Memory (MB): peak = 1224.047 ; gain = 0.000
open_hw_target
INFO: [Labtoolstcl 44-466] Opening hw_target localhost:3121/xilinx_tcf/Digilent/210183A8A761A
set_property PROGRAM.FILE {D:/UPM/PHR/AAA PRESENTACION/Echar_bote_A/PFA_PHR_25_M01.runs/impl_1/Main.bit} [get_hw_devices xc7a35t_0]
current_hw_device [get_hw_devices xc7a35t_0]
refresh_hw_device -update_hw_probes false [lindex [get_hw_devices xc7a35t_0] 0]
INFO: [Labtools 27-1434] Device xc7a35t (JTAG device index = 0) is programmed with a design that has no supported debug core(s) in it.
create_hw_cfgmem -hw_device [get_hw_devices xc7a35t_0] -mem_dev [lindex [get_cfgmem_parts {s25fl032p-spi-x1_x2_x4}] 0]
set_property PROBES.FILE {} [get_hw_devices xc7a35t_0]
set_property FULL_PROBES.FILE {} [get_hw_devices xc7a35t_0]
set_property PROGRAM.FILE {D:/UPM/PHR/AAA PRESENTACION/Echar_bote_A/PFA_PHR_25_M01.runs/impl_1/Main.bit} [get_hw_devices xc7a35t_0]
program_hw_devices [get_hw_devices xc7a35t_0]
INFO: [Labtools 27-3164] End of startup status: HIGH
refresh_hw_device [lindex [get_hw_devices xc7a35t_0] 0]
INFO: [Labtools 27-1434] Device xc7a35t (JTAG device index = 0) is programmed with a design that has no supported debug core(s) in it.
set_property PROBES.FILE {} [get_hw_devices xc7a35t_0]
set_property FULL_PROBES.FILE {} [get_hw_devices xc7a35t_0]
set_property PROGRAM.FILE {D:/UPM/PHR/AAA PRESENTACION/Echar_bote_A/PFA_PHR_25_M01.runs/impl_1/Main.bit} [get_hw_devices xc7a35t_0]
program_hw_devices [get_hw_devices xc7a35t_0]
INFO: [Labtools 27-3164] End of startup status: HIGH
refresh_hw_device [lindex [get_hw_devices xc7a35t_0] 0]
INFO: [Labtools 27-1434] Device xc7a35t (JTAG device index = 0) is programmed with a design that has no supported debug core(s) in it.
close_hw_manager
WARNING: [filemgmt 56-199] Attempt to get parsing info during refresh. "On-the-fly" syntax checking information may be incorrect. [D:\UPM\PHR\AAA PRESENTACION\Echar_bote_A\PFA_PHR_25_M01.srcs\sources_1\imports\new\UART.vhd:]
WARNING: [filemgmt 56-199] Attempt to get parsing info during refresh. "On-the-fly" syntax checking information may be incorrect. [D:\UPM\PHR\AAA PRESENTACION\Echar_bote_A\PFA_PHR_25_M01.srcs\sources_1\imports\new\UART_NIR.vhd:]
WARNING: [filemgmt 56-199] Attempt to get parsing info during refresh. "On-the-fly" syntax checking information may be incorrect. [D:\UPM\PHR\AAA PRESENTACION\Echar_bote_A\PFA_PHR_25_M01.srcs\sources_1\imports\new\Main.vhd:]
WARNING: [filemgmt 56-199] Attempt to get parsing info during refresh. "On-the-fly" syntax checking information may be incorrect. [D:\UPM\PHR\AAA PRESENTACION\Echar_bote_A\PFA_PHR_25_M01.srcs\sources_1\imports\new\Main.vhd:]
WARNING: [filemgmt 56-199] Attempt to get parsing info during refresh. "On-the-fly" syntax checking information may be incorrect. [D:\UPM\PHR\AAA PRESENTACION\Echar_bote_A\PFA_PHR_25_M01.srcs\sources_1\imports\new\Main.vhd:]
reset_run synth_1
INFO: [Project 1-1161] Replacing file D:/UPM/PHR/AAA PRESENTACION/Echar_bote_A/PFA_PHR_25_M01.srcs/utils_1/imports/synth_1/Main.dcp with file D:/UPM/PHR/AAA PRESENTACION/Echar_bote_A/PFA_PHR_25_M01.runs/synth_1/Main.dcp
WARNING: [filemgmt 56-199] Attempt to get parsing info during refresh. "On-the-fly" syntax checking information may be incorrect. [D:\UPM\PHR\AAA PRESENTACION\Echar_bote_A\PFA_PHR_25_M01.srcs\sources_1\imports\new\UART.vhd:]
WARNING: [filemgmt 56-199] Attempt to get parsing info during refresh. "On-the-fly" syntax checking information may be incorrect. [D:\UPM\PHR\AAA PRESENTACION\Echar_bote_A\PFA_PHR_25_M01.srcs\sources_1\imports\new\UART_NIR.vhd:]
WARNING: [filemgmt 56-199] Attempt to get parsing info during refresh. "On-the-fly" syntax checking information may be incorrect. [D:\UPM\PHR\AAA PRESENTACION\Echar_bote_A\PFA_PHR_25_M01.srcs\sources_1\imports\new\Main.vhd:]
WARNING: [filemgmt 56-199] Attempt to get parsing info during refresh. "On-the-fly" syntax checking information may be incorrect. [D:\UPM\PHR\AAA PRESENTACION\Echar_bote_A\PFA_PHR_25_M01.srcs\sources_1\imports\new\Main.vhd:]
WARNING: [filemgmt 56-199] Attempt to get parsing info during refresh. "On-the-fly" syntax checking information may be incorrect. [D:\UPM\PHR\AAA PRESENTACION\Echar_bote_A\PFA_PHR_25_M01.srcs\sources_1\imports\new\Main.vhd:]
WARNING: [filemgmt 56-199] Attempt to get parsing info during refresh. "On-the-fly" syntax checking information may be incorrect. [D:\UPM\PHR\AAA PRESENTACION\Echar_bote_A\PFA_PHR_25_M01.srcs\sources_1\imports\new\UART.vhd:]
WARNING: [filemgmt 56-199] Attempt to get parsing info during refresh. "On-the-fly" syntax checking information may be incorrect. [D:\UPM\PHR\AAA PRESENTACION\Echar_bote_A\PFA_PHR_25_M01.srcs\sources_1\imports\new\UART_NIR.vhd:]
WARNING: [filemgmt 56-199] Attempt to get parsing info during refresh. "On-the-fly" syntax checking information may be incorrect. [D:\UPM\PHR\AAA PRESENTACION\Echar_bote_A\PFA_PHR_25_M01.srcs\sources_1\imports\new\Main.vhd:]
WARNING: [filemgmt 56-199] Attempt to get parsing info during refresh. "On-the-fly" syntax checking information may be incorrect. [D:\UPM\PHR\AAA PRESENTACION\Echar_bote_A\PFA_PHR_25_M01.srcs\sources_1\imports\new\UART_NIR.vhd:]
WARNING: [filemgmt 56-199] Attempt to get parsing info during refresh. "On-the-fly" syntax checking information may be incorrect. [D:\UPM\PHR\AAA PRESENTACION\Echar_bote_A\PFA_PHR_25_M01.srcs\sources_1\imports\new\UART_NIR.vhd:]
launch_runs synth_1 -jobs 8
[Tue May 20 17:50:53 2025] Launched synth_1...
Run output will be captured here: D:/UPM/PHR/AAA PRESENTACION/Echar_bote_A/PFA_PHR_25_M01.runs/synth_1/runme.log
launch_runs impl_1 -jobs 8
[Tue May 20 17:51:31 2025] Launched impl_1...
Run output will be captured here: D:/UPM/PHR/AAA PRESENTACION/Echar_bote_A/PFA_PHR_25_M01.runs/impl_1/runme.log
launch_runs impl_1 -to_step write_bitstream -jobs 8
[Tue May 20 17:52:28 2025] Launched impl_1...
Run output will be captured here: D:/UPM/PHR/AAA PRESENTACION/Echar_bote_A/PFA_PHR_25_M01.runs/impl_1/runme.log
open_hw_manager
connect_hw_server -allow_non_jtag
INFO: [Labtools 27-2285] Connecting to hw_server url TCP:localhost:3121
INFO: [Labtools 27-2222] Launching hw_server...
INFO: [Labtools 27-2221] Launch Output:

****** Xilinx hw_server v2024.2
  **** Build date : Oct 29 2024 at 10:25:41
    ** Copyright 1986-2022 Xilinx, Inc. All Rights Reserved.


INFO: [Labtools 27-3415] Connecting to cs_server url TCP:localhost:0
INFO: [Labtools 27-3417] Launching cs_server...
INFO: [Labtools 27-2221] Launch Output:


******** Xilinx cs_server v2024.2.0
  ****** Build date   : Oct 30 2024-19:19:07
    **** Build number : 2024.2.1730312347
      ** Copyright 2017-2022 Xilinx, Inc. All Rights Reserved.
      ** Copyright 2022-2025 Advanced Micro Devices, Inc. All Rights Reserved.



connect_hw_server: Time (s): cpu = 00:00:00 ; elapsed = 00:00:06 . Memory (MB): peak = 1312.789 ; gain = 0.000
open_hw_target
INFO: [Labtoolstcl 44-466] Opening hw_target localhost:3121/xilinx_tcf/Digilent/210183A8A761A
set_property PROGRAM.FILE {D:/UPM/PHR/AAA PRESENTACION/Echar_bote_A/PFA_PHR_25_M01.runs/impl_1/Main.bit} [get_hw_devices xc7a35t_0]
current_hw_device [get_hw_devices xc7a35t_0]
refresh_hw_device -update_hw_probes false [lindex [get_hw_devices xc7a35t_0] 0]
INFO: [Labtools 27-1434] Device xc7a35t (JTAG device index = 0) is programmed with a design that has no supported debug core(s) in it.
create_hw_cfgmem -hw_device [get_hw_devices xc7a35t_0] -mem_dev [lindex [get_cfgmem_parts {s25fl032p-spi-x1_x2_x4}] 0]
set_property PROBES.FILE {} [get_hw_devices xc7a35t_0]
set_property FULL_PROBES.FILE {} [get_hw_devices xc7a35t_0]
set_property PROGRAM.FILE {D:/UPM/PHR/AAA PRESENTACION/Echar_bote_A/PFA_PHR_25_M01.runs/impl_1/Main.bit} [get_hw_devices xc7a35t_0]
program_hw_devices [get_hw_devices xc7a35t_0]
INFO: [Labtools 27-3164] End of startup status: HIGH
refresh_hw_device [lindex [get_hw_devices xc7a35t_0] 0]
INFO: [Labtools 27-1434] Device xc7a35t (JTAG device index = 0) is programmed with a design that has no supported debug core(s) in it.
close_hw_manager
WARNING: [filemgmt 56-199] Attempt to get parsing info during refresh. "On-the-fly" syntax checking information may be incorrect. [D:\UPM\PHR\AAA PRESENTACION\Echar_bote_A\PFA_PHR_25_M01.srcs\sources_1\imports\new\UART.vhd:]
WARNING: [filemgmt 56-199] Attempt to get parsing info during refresh. "On-the-fly" syntax checking information may be incorrect. [D:\UPM\PHR\AAA PRESENTACION\Echar_bote_A\PFA_PHR_25_M01.srcs\sources_1\imports\new\UART_NIR.vhd:]
WARNING: [filemgmt 56-199] Attempt to get parsing info during refresh. "On-the-fly" syntax checking information may be incorrect. [D:\UPM\PHR\AAA PRESENTACION\Echar_bote_A\PFA_PHR_25_M01.srcs\sources_1\imports\new\Main.vhd:]
WARNING: [filemgmt 56-199] Attempt to get parsing info during refresh. "On-the-fly" syntax checking information may be incorrect. [D:\UPM\PHR\AAA PRESENTACION\Echar_bote_A\PFA_PHR_25_M01.srcs\sources_1\imports\new\Main.vhd:]
WARNING: [filemgmt 56-199] Attempt to get parsing info during refresh. "On-the-fly" syntax checking information may be incorrect. [D:\UPM\PHR\AAA PRESENTACION\Echar_bote_A\PFA_PHR_25_M01.srcs\sources_1\imports\new\Main.vhd:]
WARNING: [filemgmt 56-199] Attempt to get parsing info during refresh. "On-the-fly" syntax checking information may be incorrect. [D:\UPM\PHR\AAA PRESENTACION\Echar_bote_A\PFA_PHR_25_M01.srcs\sources_1\imports\new\UART.vhd:]
WARNING: [filemgmt 56-199] Attempt to get parsing info during refresh. "On-the-fly" syntax checking information may be incorrect. [D:\UPM\PHR\AAA PRESENTACION\Echar_bote_A\PFA_PHR_25_M01.srcs\sources_1\imports\new\UART_NIR.vhd:]
WARNING: [filemgmt 56-199] Attempt to get parsing info during refresh. "On-the-fly" syntax checking information may be incorrect. [D:\UPM\PHR\AAA PRESENTACION\Echar_bote_A\PFA_PHR_25_M01.srcs\sources_1\imports\new\Main.vhd:]
WARNING: [filemgmt 56-199] Attempt to get parsing info during refresh. "On-the-fly" syntax checking information may be incorrect. [D:\UPM\PHR\AAA PRESENTACION\Echar_bote_A\PFA_PHR_25_M01.srcs\sources_1\imports\new\UART_NIR.vhd:]
WARNING: [filemgmt 56-199] Attempt to get parsing info during refresh. "On-the-fly" syntax checking information may be incorrect. [D:\UPM\PHR\AAA PRESENTACION\Echar_bote_A\PFA_PHR_25_M01.srcs\sources_1\imports\new\UART_NIR.vhd:]
WARNING: [filemgmt 56-199] Attempt to get parsing info during refresh. "On-the-fly" syntax checking information may be incorrect. [D:\UPM\PHR\AAA PRESENTACION\Echar_bote_A\PFA_PHR_25_M01.srcs\sources_1\imports\new\UART.vhd:]
WARNING: [filemgmt 56-199] Attempt to get parsing info during refresh. "On-the-fly" syntax checking information may be incorrect. [D:\UPM\PHR\AAA PRESENTACION\Echar_bote_A\PFA_PHR_25_M01.srcs\sources_1\imports\new\UART_NIR.vhd:]
WARNING: [filemgmt 56-199] Attempt to get parsing info during refresh. "On-the-fly" syntax checking information may be incorrect. [D:\UPM\PHR\AAA PRESENTACION\Echar_bote_A\PFA_PHR_25_M01.srcs\sources_1\imports\new\Main.vhd:]
WARNING: [filemgmt 56-199] Attempt to get parsing info during refresh. "On-the-fly" syntax checking information may be incorrect. [D:\UPM\PHR\AAA PRESENTACION\Echar_bote_A\PFA_PHR_25_M01.srcs\sources_1\imports\new\Main.vhd:]
WARNING: [filemgmt 56-199] Attempt to get parsing info during refresh. "On-the-fly" syntax checking information may be incorrect. [D:\UPM\PHR\AAA PRESENTACION\Echar_bote_A\PFA_PHR_25_M01.srcs\sources_1\imports\new\Main.vhd:]
WARNING: [filemgmt 56-199] Attempt to get parsing info during refresh. "On-the-fly" syntax checking information may be incorrect. [D:\UPM\PHR\AAA PRESENTACION\Echar_bote_A\PFA_PHR_25_M01.srcs\sources_1\imports\new\UART.vhd:]
WARNING: [filemgmt 56-199] Attempt to get parsing info during refresh. "On-the-fly" syntax checking information may be incorrect. [D:\UPM\PHR\AAA PRESENTACION\Echar_bote_A\PFA_PHR_25_M01.srcs\sources_1\imports\new\UART_NIR.vhd:]
WARNING: [filemgmt 56-199] Attempt to get parsing info during refresh. "On-the-fly" syntax checking information may be incorrect. [D:\UPM\PHR\AAA PRESENTACION\Echar_bote_A\PFA_PHR_25_M01.srcs\sources_1\imports\new\Main.vhd:]
WARNING: [filemgmt 56-199] Attempt to get parsing info during refresh. "On-the-fly" syntax checking information may be incorrect. [D:\UPM\PHR\AAA PRESENTACION\Echar_bote_A\PFA_PHR_25_M01.srcs\sources_1\imports\new\UART_NIR.vhd:]
WARNING: [filemgmt 56-199] Attempt to get parsing info during refresh. "On-the-fly" syntax checking information may be incorrect. [D:\UPM\PHR\AAA PRESENTACION\Echar_bote_A\PFA_PHR_25_M01.srcs\sources_1\imports\new\UART_NIR.vhd:]
reset_run synth_1
INFO: [Project 1-1161] Replacing file D:/UPM/PHR/AAA PRESENTACION/Echar_bote_A/PFA_PHR_25_M01.srcs/utils_1/imports/synth_1/Main.dcp with file D:/UPM/PHR/AAA PRESENTACION/Echar_bote_A/PFA_PHR_25_M01.runs/synth_1/Main.dcp
WARNING: [filemgmt 56-199] Attempt to get parsing info during refresh. "On-the-fly" syntax checking information may be incorrect. [D:\UPM\PHR\AAA PRESENTACION\Echar_bote_A\PFA_PHR_25_M01.srcs\sources_1\imports\new\UART.vhd:]
WARNING: [filemgmt 56-199] Attempt to get parsing info during refresh. "On-the-fly" syntax checking information may be incorrect. [D:\UPM\PHR\AAA PRESENTACION\Echar_bote_A\PFA_PHR_25_M01.srcs\sources_1\imports\new\UART_NIR.vhd:]
WARNING: [filemgmt 56-199] Attempt to get parsing info during refresh. "On-the-fly" syntax checking information may be incorrect. [D:\UPM\PHR\AAA PRESENTACION\Echar_bote_A\PFA_PHR_25_M01.srcs\sources_1\imports\new\Main.vhd:]
WARNING: [filemgmt 56-199] Attempt to get parsing info during refresh. "On-the-fly" syntax checking information may be incorrect. [D:\UPM\PHR\AAA PRESENTACION\Echar_bote_A\PFA_PHR_25_M01.srcs\sources_1\imports\new\Main.vhd:]
WARNING: [filemgmt 56-199] Attempt to get parsing info during refresh. "On-the-fly" syntax checking information may be incorrect. [D:\UPM\PHR\AAA PRESENTACION\Echar_bote_A\PFA_PHR_25_M01.srcs\sources_1\imports\new\Main.vhd:]
launch_runs synth_1 -jobs 8
[Tue May 20 17:56:47 2025] Launched synth_1...
Run output will be captured here: D:/UPM/PHR/AAA PRESENTACION/Echar_bote_A/PFA_PHR_25_M01.runs/synth_1/runme.log
WARNING: [filemgmt 56-199] Attempt to get parsing info during refresh. "On-the-fly" syntax checking information may be incorrect. [D:\UPM\PHR\AAA PRESENTACION\Echar_bote_A\PFA_PHR_25_M01.srcs\sources_1\imports\new\UART.vhd:]
WARNING: [filemgmt 56-199] Attempt to get parsing info during refresh. "On-the-fly" syntax checking information may be incorrect. [D:\UPM\PHR\AAA PRESENTACION\Echar_bote_A\PFA_PHR_25_M01.srcs\sources_1\imports\new\UART_NIR.vhd:]
WARNING: [filemgmt 56-199] Attempt to get parsing info during refresh. "On-the-fly" syntax checking information may be incorrect. [D:\UPM\PHR\AAA PRESENTACION\Echar_bote_A\PFA_PHR_25_M01.srcs\sources_1\imports\new\Main.vhd:]
WARNING: [filemgmt 56-199] Attempt to get parsing info during refresh. "On-the-fly" syntax checking information may be incorrect. [D:\UPM\PHR\AAA PRESENTACION\Echar_bote_A\PFA_PHR_25_M01.srcs\sources_1\imports\new\UART_NIR.vhd:]
WARNING: [filemgmt 56-199] Attempt to get parsing info during refresh. "On-the-fly" syntax checking information may be incorrect. [D:\UPM\PHR\AAA PRESENTACION\Echar_bote_A\PFA_PHR_25_M01.srcs\sources_1\imports\new\UART_NIR.vhd:]
launch_runs impl_1 -jobs 8
[Tue May 20 17:57:23 2025] Launched impl_1...
Run output will be captured here: D:/UPM/PHR/AAA PRESENTACION/Echar_bote_A/PFA_PHR_25_M01.runs/impl_1/runme.log
launch_runs impl_1 -to_step write_bitstream -jobs 8
[Tue May 20 17:58:11 2025] Launched impl_1...
Run output will be captured here: D:/UPM/PHR/AAA PRESENTACION/Echar_bote_A/PFA_PHR_25_M01.runs/impl_1/runme.log
open_hw_manager
connect_hw_server -allow_non_jtag
INFO: [Labtools 27-2285] Connecting to hw_server url TCP:localhost:3121
INFO: [Labtools 27-2222] Launching hw_server...
INFO: [Labtools 27-2221] Launch Output:

****** Xilinx hw_server v2024.2
  **** Build date : Oct 29 2024 at 10:25:41
    ** Copyright 1986-2022 Xilinx, Inc. All Rights Reserved.


INFO: [Labtools 27-3415] Connecting to cs_server url TCP:localhost:0
INFO: [Labtools 27-3417] Launching cs_server...
INFO: [Labtools 27-2221] Launch Output:


******** Xilinx cs_server v2024.2.0
  ****** Build date   : Oct 30 2024-19:19:07
    **** Build number : 2024.2.1730312347
      ** Copyright 2017-2022 Xilinx, Inc. All Rights Reserved.
      ** Copyright 2022-2025 Advanced Micro Devices, Inc. All Rights Reserved.



connect_hw_server: Time (s): cpu = 00:00:00 ; elapsed = 00:00:06 . Memory (MB): peak = 1329.719 ; gain = 0.000
open_hw_target
INFO: [Labtoolstcl 44-466] Opening hw_target localhost:3121/xilinx_tcf/Digilent/210183A8A761A
set_property PROGRAM.FILE {D:/UPM/PHR/AAA PRESENTACION/Echar_bote_A/PFA_PHR_25_M01.runs/impl_1/Main.bit} [get_hw_devices xc7a35t_0]
current_hw_device [get_hw_devices xc7a35t_0]
refresh_hw_device -update_hw_probes false [lindex [get_hw_devices xc7a35t_0] 0]
INFO: [Labtools 27-1434] Device xc7a35t (JTAG device index = 0) is programmed with a design that has no supported debug core(s) in it.
create_hw_cfgmem -hw_device [get_hw_devices xc7a35t_0] -mem_dev [lindex [get_cfgmem_parts {s25fl032p-spi-x1_x2_x4}] 0]
set_property PROBES.FILE {} [get_hw_devices xc7a35t_0]
set_property FULL_PROBES.FILE {} [get_hw_devices xc7a35t_0]
set_property PROGRAM.FILE {D:/UPM/PHR/AAA PRESENTACION/Echar_bote_A/PFA_PHR_25_M01.runs/impl_1/Main.bit} [get_hw_devices xc7a35t_0]
program_hw_devices [get_hw_devices xc7a35t_0]
INFO: [Labtools 27-3164] End of startup status: HIGH
refresh_hw_device [lindex [get_hw_devices xc7a35t_0] 0]
INFO: [Labtools 27-1434] Device xc7a35t (JTAG device index = 0) is programmed with a design that has no supported debug core(s) in it.
exit
INFO: [Common 17-206] Exiting Vivado at Tue May 20 18:00:24 2025...
