Copyright 1986-2022 Xilinx, Inc. All Rights Reserved. Copyright 2022-2024 Advanced Micro Devices, Inc. All Rights Reserved.
---------------------------------------------------------------------------------------------------------------------------------------------
| Tool Version : Vivado v.2024.2 (win64) Build 5239630 Fri Nov 08 22:35:27 MST 2024
| Date         : Tue May 20 17:57:47 2025
| Host         : DESKTOP-TTTUGFM running 64-bit major release  (build 9200)
| Command      : report_control_sets -verbose -file Main_control_sets_placed.rpt
| Design       : Main
| Device       : xc7a35ti
---------------------------------------------------------------------------------------------------------------------------------------------

Control Set Information

Table of Contents
-----------------
1. Summary
2. Histogram
3. Flip-Flop Distribution
4. Detailed Control Set Information

1. Summary
----------

+----------------------------------------------------------+-------+
|                          Status                          | Count |
+----------------------------------------------------------+-------+
| Total control sets                                       |     6 |
|    Minimum number of control sets                        |     6 |
|    Addition due to synthesis replication                 |     0 |
|    Addition due to physical synthesis replication        |     0 |
| Unused register locations in slices containing registers |    24 |
+----------------------------------------------------------+-------+
* Control sets can be merged at opt_design using control_set_merge or merge_equivalent_drivers
** Run report_qor_suggestions for automated merging and remapping suggestions


2. Histogram
------------

+--------------------+-------+
|       Fanout       | Count |
+--------------------+-------+
| Total control sets |     6 |
| >= 0 to < 4        |     1 |
| >= 4 to < 6        |     1 |
| >= 6 to < 8        |     1 |
| >= 8 to < 10       |     0 |
| >= 10 to < 12      |     2 |
| >= 12 to < 14      |     0 |
| >= 14 to < 16      |     0 |
| >= 16              |     1 |
+--------------------+-------+
* Control sets can be remapped at either synth_design or opt_design


3. Flip-Flop Distribution
-------------------------

+--------------+-----------------------+------------------------+-----------------+--------------+
| Clock Enable | Synchronous Set/Reset | Asynchronous Set/Reset | Total Registers | Total Slices |
+--------------+-----------------------+------------------------+-----------------+--------------+
| No           | No                    | No                     |              10 |            6 |
| No           | No                    | Yes                    |               2 |            1 |
| No           | Yes                   | No                     |              10 |            3 |
| Yes          | No                    | No                     |              38 |           11 |
| Yes          | No                    | Yes                    |               4 |            1 |
| Yes          | Yes                   | No                     |               0 |            0 |
+--------------+-----------------------+------------------------+-----------------+--------------+


4. Detailed Control Set Information
-----------------------------------

+--------------------------------------+---------------------------+--------------------------------------------------------------+------------------+----------------+--------------+
|             Clock Signal             |       Enable Signal       |                       Set/Reset Signal                       | Slice Load Count | Bel Load Count | Bels / Slice |
+--------------------------------------+---------------------------+--------------------------------------------------------------+------------------+----------------+--------------+
|  UART_INST/uart_inst/div_clk_reg_n_0 |                           | tx_reset                                                     |                1 |              2 |         2.00 |
|  UART_INST/uart_inst/div_clk_reg_n_0 | UART_INST/tx_send_reg_n_0 | tx_reset                                                     |                1 |              4 |         4.00 |
|  clk_IBUF_BUFG                       | UART_INST/data_in_0       |                                                              |                3 |              6 |         2.00 |
|  clk_IBUF_BUFG                       |                           |                                                              |                6 |             10 |         1.67 |
|  clk_IBUF_BUFG                       |                           | UART_INST/uart_inst/baud_clk_divider.baud_current[9]_i_1_n_0 |                3 |             10 |         3.33 |
|  clk_IBUF_BUFG                       | sel                       |                                                              |                8 |             32 |         4.00 |
+--------------------------------------+---------------------------+--------------------------------------------------------------+------------------+----------------+--------------+


